<?xml version="1.0" encoding="UTF-8"?>
<!-- Generated by org.testng.reporters.JUnitXMLReporter -->
<testsuite hostname="Pravins-MacBook-Pro.local" ignored="0" name="Test" tests="2" failures="1" timestamp="2022-04-01T10:02:52 IST" time="0.659" errors="0">
  <testcase name="test" time="0.014" classname="selenium.reports"/>
  <testcase name="test1" time="0.003" classname="selenium.reports">
    <failure type="java.lang.AssertionError" message="expected [true] but found [false]">
      <![CDATA[java.lang.AssertionError: expected [true] but found [false]
at selenium.reports.test1(reports.java:36)
at java.util.ArrayList.forEach(ArrayList.java:1257)
... Removed 31 stack frames]]>
    </failure>
  </testcase> <!-- test1 -->
</testsuite> <!-- Test -->
